2018-08-25 09:33:45,158- manager用户-1- INFO- 成功登录系统
2018-08-25 09:35:28,390- manager用户-1- INFO- 成功登录系统
2018-08-25 09:36:12,127- manager用户-1- INFO- 成功登录系统
2018-08-25 13:32:37,632- manager用户-1- INFO- 成功登录系统
2018-08-25 13:37:39,441- manager用户-1- INFO- 成功登录系统
2018-08-25 13:38:37,126- manager用户-1- INFO- 成功登录系统
2018-08-25 14:40:58,564- manager用户-1- INFO- 成功登录系统
2018-08-25 15:03:10,178- manager用户-1- INFO- 成功登录系统
2018-08-25 15:04:05,243- manager用户-1- INFO- 成功登录系统
2018-08-25 15:05:23,546- manager用户-1- INFO- 成功登录系统
2018-08-25 15:05:56,563- manager用户-1- INFO- 成功登录系统
2018-08-25 15:13:56,587- manager用户-1- INFO- 成功登录系统
2018-08-25 15:15:12,139- manager用户-1- INFO- 成功登录系统
2018-08-25 15:15:31,226- manager用户-1- INFO- 成功登录系统
2018-08-25 15:16:11,978- manager用户-1- INFO- 成功登录系统
2018-08-25 15:17:52,370- manager用户-1- INFO- 成功登录系统
2018-08-25 15:18:15,852- manager用户-1- INFO- 成功登录系统
2018-08-25 15:40:23,978- manager用户-1- INFO- 成功登录系统
2018-08-25 15:42:09,843- manager用户-1- INFO- 成功登录系统
2018-08-25 15:43:23,131- manager用户-1- INFO- 成功登录系统
2018-08-25 15:43:35,634- manager用户-1- INFO- 成功登录系统
2018-08-25 15:48:50,122- manager用户-1- INFO- 成功登录系统
2018-08-25 15:49:44,858- manager用户-1- INFO- 成功登录系统
2018-08-25 15:52:12,545- manager用户-1- INFO- 成功登录系统
2018-08-25 15:52:46,361- manager用户-1- INFO- 成功登录系统
2018-08-25 15:55:16,522- manager用户-1- INFO- 成功登录系统
2018-08-25 16:18:17,020- manager用户-1- INFO- 成功登录系统
2018-08-25 16:18:51,129- manager用户-1- INFO- 成功登录系统
2018-08-25 16:19:32,232- manager用户-1- INFO- 成功登录系统
2018-08-25 16:21:55,168- manager用户-1- INFO- 成功登录系统
2018-08-25 16:36:29,992- manager用户-1- INFO- 成功登录系统
2018-08-25 16:37:00,391- manager用户-1- INFO- 成功登录系统
2018-08-25 16:46:37,064- manager用户-1- INFO- 成功登录系统
2018-08-25 16:47:19,961- manager用户-1- INFO- 成功登录系统
2018-08-25 16:49:17,608- manager用户-1- INFO- 成功登录系统
2018-08-25 17:05:22,977- manager用户-1- INFO- 成功登录系统
2018-08-25 17:08:21,760- manager用户-1- INFO- 成功登录系统
2018-08-25 17:12:59,640- manager用户-1- INFO- 成功登录系统
2018-08-25 18:07:00,261- manager用户-1- INFO- 成功登录系统
2018-08-25 18:08:04,925- manager用户-1- INFO- 成功登录系统
2018-08-25 18:25:13,013- manager用户-1- INFO- 成功登录系统
2018-08-25 18:25:37,284- manager用户-1- INFO- 成功登录系统
2018-08-25 19:01:15,132- manager用户-1- INFO- 成功登录系统
2018-08-25 19:03:08,315- manager用户-1- INFO- 成功登录系统
2018-08-25 19:07:01,058- manager用户-1- INFO- 成功登录系统
2018-08-25 19:08:36,699- manager用户-1- INFO- 成功登录系统
2018-08-25 19:25:54,212- manager用户-1- INFO- 成功登录系统
2018-08-25 19:49:53,162- manager用户-1- INFO- 成功登录系统
2018-08-25 19:51:58,970- manager用户-1- INFO- 成功登录系统
2018-08-25 19:53:53,074- manager用户-1- INFO- 成功登录系统
2018-08-25 19:55:13,025- manager用户-1- INFO- 成功登录系统
2018-08-25 21:52:48,453- manager用户-1- INFO- 成功登录系统
2018-08-25 23:13:55,531- manager用户-1- INFO- 成功登录系统
2018-08-25 23:15:33,474- manager用户-1- INFO- 成功登录系统
2018-08-25 23:19:34,987- manager用户-1- INFO- 成功登录系统
2018-08-25 23:21:13,754- manager用户-1- INFO- 成功登录系统
2018-08-25 23:23:59,858- manager用户-1- INFO- 成功登录系统
2018-08-25 23:25:33,090- manager用户-1- INFO- 成功登录系统
2018-08-25 23:26:48,306- manager用户-1- INFO- 成功登录系统
2018-08-25 23:36:17,048- manager用户-1- INFO- 成功登录系统
2018-08-25 23:49:18,113- manager用户-1- INFO- 成功登录系统
2018-08-25 23:49:55,089- manager用户-1- INFO- 成功登录系统
2018-08-25 23:50:59,849- manager用户-1- INFO- 成功登录系统
2018-08-25 23:52:07,545- manager用户-1- INFO- 成功登录系统
2018-08-25 23:54:46,713- manager用户-1- INFO- 成功登录系统
2018-08-26 08:53:55,234- manager用户-1- INFO- 成功登录系统
2018-08-26 08:59:20,522- manager用户-1- INFO- 成功登录系统
2018-08-26 09:23:46,487- manager用户-1- INFO- 成功登录系统
2018-08-26 15:14:22,995- student-libai- INFO- 完成入学注册
2018-08-26 15:18:42,684- student- libai- INFO- 完成入学注册
2018-08-26 15:19:27,876- student- libai- INFO- 完成学费缴纳
2018-08-26 15:22:47,238- manager用户-1- INFO- 成功登录系统
2018-08-26 15:23:35,812- manager用户-1- INFO- 成功登录系统
2018-08-26 15:25:36,156- manager用户-1- INFO- 成功登录系统
2018-08-26 17:08:51,113- manager用户-1- INFO- 成功登录系统
2018-08-26 17:29:40,913- manager用户-1- INFO- 成功登录系统
2018-08-26 17:33:14,688- manager用户-1- INFO- 成功登录系统
2018-08-26 17:33:52,640- manager用户-1- INFO- 成功登录系统
2018-08-26 17:36:17,617- manager用户-1- INFO- 成功登录系统
2018-08-26 17:57:07,208- manager用户-1- INFO- 成功登录系统
2018-08-26 18:07:28,733- student- libai- INFO- 完成入学注册
2018-08-26 18:09:07,533- student- libai- INFO- 完成学费缴纳
2018-08-26 18:09:12,877- student- libai- INFO- 完成入学注册
2018-08-26 18:50:09,790- manager用户-1- INFO- 成功登录系统
2018-08-26 18:51:10,974- manager用户-1- INFO- 成功登录系统
2018-08-26 18:52:59,853- manager用户-1- INFO- 成功登录系统
2018-08-26 18:54:21,062- manager用户-1- INFO- 成功登录系统
2018-08-26 18:54:32,860- manager- 1- INFO- create course [python]
2018-08-26 18:56:46,637- manager用户-1- INFO- 成功登录系统
2018-08-26 18:57:52,245- manager用户-1- INFO- 成功登录系统
2018-08-26 18:58:22,341- manager用户-1- INFO- 成功登录系统
2018-08-26 19:00:17,252- manager用户-1- INFO- 成功登录系统
2018-08-26 19:04:13,948- manager用户-1- INFO- 成功登录系统
2018-08-26 19:04:47,822- manager- 1- INFO- create course [python]
2018-08-26 19:10:42,851- manager用户-1- INFO- 成功登录系统
2018-08-26 19:14:14,020- manager用户-1- INFO- 成功登录系统
2018-08-26 19:19:05,260- manager用户-1- INFO- 成功登录系统
2018-08-26 19:22:48,204- manager用户-1- INFO- 成功登录系统
2018-08-26 19:26:17,412- manager用户-1- INFO- 成功登录系统
2018-08-26 19:26:52,358- manager- 1- INFO- create classes [py 1]
2018-08-26 19:29:42,524- manager用户-1- INFO- 成功登录系统
2018-08-26 19:30:55,205- manager- 1- INFO- create classes [python冲刺]
2018-08-26 19:31:14,878- manager- 1- INFO- create teacher [alex]
2018-08-26 19:35:36,804- manager用户-1- INFO- 成功登录系统
2018-08-26 19:36:12,960- manager- 1- INFO- create course [linux]
2018-08-26 19:36:36,565- manager- 1- INFO- create student [alexli]
2018-08-26 19:37:41,460- manager- 1- INFO- create course [python]
2018-08-26 19:38:31,340- manager- 1- INFO- create classes [python拔高]
2018-08-26 19:42:56,643- manager用户-1- INFO- 成功登录系统
2018-08-26 19:43:18,621- manager- 1- INFO- create course [python]
2018-08-26 19:43:46,885- manager- 1- INFO- create classes [python进阶]
2018-08-26 19:44:07,293- manager- 1- INFO- create teacher [alex]
2018-08-26 19:44:23,901- manager- 1- INFO- create student [张三]
2018-08-26 19:48:17,675- manager用户-张三- INFO- 成功登录系统
2018-08-26 19:48:55,835- teacher用户-王老师- INFO- 成功登录系统
2018-08-26 19:50:02,827- student用户-张三- INFO- 成功登录系统
2018-08-26 19:52:05,172- student用户-张三- INFO- 成功登录系统
2018-08-26 19:53:23,725- student- 张三- INFO- 选择了班级[python进阶]
2018-08-26 19:53:28,603- student- 张三- INFO- 完成入学注册
2018-08-26 19:54:40,947- manager用户-1- INFO- 成功登录系统
2018-08-26 19:55:29,939- manager用户-1- INFO- 成功登录系统
2018-08-26 19:55:47,108- teacher用户-王老师- INFO- 成功登录系统
2018-08-26 20:10:57,082- manager用户-1- INFO- 成功登录系统
2018-08-26 20:11:23,861- manager- 1- INFO- create teacher [王老师]
2018-08-26 20:12:30,693- manager- 1- INFO- create student [王二蛋]
2018-08-26 20:14:13,851- student用户-王二蛋- INFO- 成功登录系统
2018-08-26 20:14:47,224- student- 王二蛋- INFO- 完成入学注册
2018-08-26 20:14:53,154- student- 王二蛋- INFO- 完成学费缴纳
2018-08-26 20:15:10,628- student- 王二蛋- INFO- 选择了班级[python进阶]
2018-08-26 20:16:03,099- teacher用户-王老师- INFO- 成功登录系统
2018-08-26 20:18:14,678- teacher用户-王老师- INFO- 成功登录系统
2018-08-26 21:59:27,591- teacher用户-王老师- INFO- 成功登录系统
2018-08-26 22:06:46,261- teacher用户-王老师- INFO- 成功登录系统
2018-08-26 22:07:31,586- teacher用户-王老师- INFO- 成功登录系统
2018-08-26 22:08:37,734- teacher用户-王老师- INFO- 成功登录系统
2018-08-26 22:10:33,654- student用户-王二蛋- INFO- 成功登录系统
2018-08-26 22:48:33,925- manager用户-1- INFO- Login successfully,welcome.
2018-08-26 22:50:29,925- manager- 1- INFO- create course [python]
2018-08-26 22:50:53,949- manager- 1- INFO- create course [linux]
2018-08-26 22:51:16,333- manager- 1- INFO- create course [Go]
2018-08-26 22:51:55,222- manager- 1- INFO- create classes [python初级班]
2018-08-26 22:52:39,493- manager- 1- INFO- create classes [python脱产班]
2018-08-26 22:53:09,414- manager- 1- INFO- create classes [linux运维开发]
2018-08-26 22:53:50,173- manager- 1- INFO- create classes [linux证书包拿班]
2018-08-26 22:54:27,957- manager- 1- INFO- create classes [Go语言入门教学]
2018-08-26 22:54:56,293- manager- 1- INFO- create classes [Go与机器学习]
2018-08-26 22:55:16,774- manager- 1- INFO- create teacher [张三]
2018-08-26 22:55:37,199- manager- 1- INFO- create teacher [李四]
2018-08-26 22:56:00,839- manager- 1- INFO- create teacher [隔壁老王]
2018-08-26 22:56:49,423- manager- 1- INFO- create teacher [对门老刘]
2018-08-26 22:57:25,310- manager- 1- INFO- create teacher [王二丫]
2018-08-26 22:57:45,358- manager- 1- INFO- create teacher [张铁柱]
2018-08-26 22:58:23,885- manager- 1- INFO- create student [陈独秀]
2018-08-26 22:58:45,799- manager- 1- INFO- create student [没你秀]
2018-08-26 22:59:16,262- manager- 1- INFO- create student [墙都不扶]
2018-08-26 23:03:42,422- manager- 1- INFO- create student [舅服你]
2018-08-26 23:03:56,878- manager- 1- INFO- create student [好好学习]
2018-08-26 23:04:11,406- manager- 1- INFO- create student [天天向上]
2018-08-26 23:07:11,925- student用户-好好学习- INFO- Login successfully,welcome.
2018-08-26 23:08:00,338- student- 好好学习- INFO- register complete.
2018-08-26 23:08:14,890- student- 好好学习- INFO- Tuition payed
2018-08-26 23:08:40,613- student- 好好学习- INFO- Take part in class [Go语言入门教学]
2018-08-27 00:01:08,434- manager -1- INFO- Login successfully,welcome.
